/!\ FAILSAFE /!\  2010-08-16 13:24:34 -0300
  Status: 500 Internal Server Error
  no such file to load -- sqlite3/sqlite3_native
    D:/Ruby/lib/ruby/gems/1.9.1/gems/activesupport-2.3.8/lib/active_support/dependencies.rb:156:in `require'
    D:/Ruby/lib/ruby/gems/1.9.1/gems/activesupport-2.3.8/lib/active_support/dependencies.rb:156:in `block in require'
    D:/Ruby/lib/ruby/gems/1.9.1/gems/activesupport-2.3.8/lib/active_support/dependencies.rb:521:in `new_constants_in'
    D:/Ruby/lib/ruby/gems/1.9.1/gems/activesupport-2.3.8/lib/active_support/dependencies.rb:156:in `require'
    D:/Ruby/lib/ruby/gems/1.9.1/gems/sqlite3-ruby-1.3.1-x86-mingw32/lib/sqlite3.rb:6:in `rescue in <top (required)>'
    D:/Ruby/lib/ruby/gems/1.9.1/gems/sqlite3-ruby-1.3.1-x86-mingw32/lib/sqlite3.rb:2:in `<top (required)>'
    D:/Ruby/lib/ruby/gems/1.9.1/gems/activesupport-2.3.8/lib/active_support/dependencies.rb:156:in `require'
    D:/Ruby/lib/ruby/gems/1.9.1/gems/activesupport-2.3.8/lib/active_support/dependencies.rb:156:in `block in require'
    D:/Ruby/lib/ruby/gems/1.9.1/gems/activesupport-2.3.8/lib/active_support/dependencies.rb:521:in `new_constants_in'
    D:/Ruby/lib/ruby/gems/1.9.1/gems/activesupport-2.3.8/lib/active_support/dependencies.rb:156:in `require'
    D:/Ruby/lib/ruby/gems/1.9.1/gems/activesupport-2.3.8/lib/active_support/core_ext/kernel/requires.rb:7:in `block in require_library_or_gem'
    D:/Ruby/lib/ruby/gems/1.9.1/gems/activesupport-2.3.8/lib/active_support/core_ext/kernel/reporting.rb:11:in `silence_warnings'
    D:/Ruby/lib/ruby/gems/1.9.1/gems/activesupport-2.3.8/lib/active_support/core_ext/kernel/requires.rb:5:in `require_library_or_gem'
    D:/Ruby/lib/ruby/gems/1.9.1/gems/activerecord-2.3.8/lib/active_record/connection_adapters/sqlite3_adapter.rb:10:in `sqlite3_connection'
    D:/Ruby/lib/ruby/gems/1.9.1/gems/activerecord-2.3.8/lib/active_record/connection_adapters/abstract/connection_pool.rb:223:in `new_connection'
    D:/Ruby/lib/ruby/gems/1.9.1/gems/activerecord-2.3.8/lib/active_record/connection_adapters/abstract/connection_pool.rb:245:in `checkout_new_connection'
    D:/Ruby/lib/ruby/gems/1.9.1/gems/activerecord-2.3.8/lib/active_record/connection_adapters/abstract/connection_pool.rb:188:in `block (2 levels) in checkout'
    D:/Ruby/lib/ruby/gems/1.9.1/gems/activerecord-2.3.8/lib/active_record/connection_adapters/abstract/connection_pool.rb:184:in `loop'
    D:/Ruby/lib/ruby/gems/1.9.1/gems/activerecord-2.3.8/lib/active_record/connection_adapters/abstract/connection_pool.rb:184:in `block in checkout'
    D:/Ruby/lib/ruby/1.9.1/monitor.rb:190:in `mon_synchronize'
    D:/Ruby/lib/ruby/gems/1.9.1/gems/activerecord-2.3.8/lib/active_record/connection_adapters/abstract/connection_pool.rb:183:in `checkout'
    D:/Ruby/lib/ruby/gems/1.9.1/gems/activerecord-2.3.8/lib/active_record/connection_adapters/abstract/connection_pool.rb:98:in `connection'
    D:/Ruby/lib/ruby/gems/1.9.1/gems/activerecord-2.3.8/lib/active_record/connection_adapters/abstract/connection_pool.rb:326:in `retrieve_connection'
    D:/Ruby/lib/ruby/gems/1.9.1/gems/activerecord-2.3.8/lib/active_record/connection_adapters/abstract/connection_specification.rb:123:in `retrieve_connection'
    D:/Ruby/lib/ruby/gems/1.9.1/gems/activerecord-2.3.8/lib/active_record/connection_adapters/abstract/connection_specification.rb:115:in `connection'
    D:/Ruby/lib/ruby/gems/1.9.1/gems/activerecord-2.3.8/lib/active_record/query_cache.rb:9:in `cache'
    D:/Ruby/lib/ruby/gems/1.9.1/gems/activerecord-2.3.8/lib/active_record/query_cache.rb:28:in `call'
    D:/Ruby/lib/ruby/gems/1.9.1/gems/activerecord-2.3.8/lib/active_record/connection_adapters/abstract/connection_pool.rb:361:in `call'
    D:/Ruby/lib/ruby/gems/1.9.1/gems/actionpack-2.3.8/lib/action_controller/string_coercion.rb:25:in `call'
    D:/Ruby/lib/ruby/gems/1.9.1/gems/rack-1.1.0/lib/rack/head.rb:9:in `call'
    D:/Ruby/lib/ruby/gems/1.9.1/gems/rack-1.1.0/lib/rack/methodoverride.rb:24:in `call'
    D:/Ruby/lib/ruby/gems/1.9.1/gems/actionpack-2.3.8/lib/action_controller/params_parser.rb:15:in `call'
    D:/Ruby/lib/ruby/gems/1.9.1/gems/actionpack-2.3.8/lib/action_controller/session/cookie_store.rb:99:in `call'
    D:/Ruby/lib/ruby/gems/1.9.1/gems/actionpack-2.3.8/lib/action_controller/failsafe.rb:26:in `call'
    D:/Ruby/lib/ruby/gems/1.9.1/gems/rack-1.1.0/lib/rack/lock.rb:11:in `block in call'
    <internal:prelude>:8:in `synchronize'
    D:/Ruby/lib/ruby/gems/1.9.1/gems/rack-1.1.0/lib/rack/lock.rb:11:in `call'
    D:/Ruby/lib/ruby/gems/1.9.1/gems/actionpack-2.3.8/lib/action_controller/dispatcher.rb:114:in `block in call'
    D:/Ruby/lib/ruby/gems/1.9.1/gems/actionpack-2.3.8/lib/action_controller/reloader.rb:34:in `run'
    D:/Ruby/lib/ruby/gems/1.9.1/gems/actionpack-2.3.8/lib/action_controller/dispatcher.rb:108:in `call'
    D:/Ruby/lib/ruby/gems/1.9.1/gems/rails-2.3.8/lib/rails/rack/static.rb:31:in `call'
    D:/Ruby/lib/ruby/gems/1.9.1/gems/rack-1.1.0/lib/rack/urlmap.rb:47:in `block in call'
    D:/Ruby/lib/ruby/gems/1.9.1/gems/rack-1.1.0/lib/rack/urlmap.rb:41:in `each'
    D:/Ruby/lib/ruby/gems/1.9.1/gems/rack-1.1.0/lib/rack/urlmap.rb:41:in `call'
    D:/Ruby/lib/ruby/gems/1.9.1/gems/rails-2.3.8/lib/rails/rack/log_tailer.rb:17:in `call'
    D:/Ruby/lib/ruby/gems/1.9.1/gems/rack-1.1.0/lib/rack/content_length.rb:13:in `call'
    D:/Ruby/lib/ruby/gems/1.9.1/gems/rack-1.1.0/lib/rack/handler/webrick.rb:48:in `service'
    D:/Ruby/lib/ruby/1.9.1/webrick/httpserver.rb:111:in `service'
    D:/Ruby/lib/ruby/1.9.1/webrick/httpserver.rb:70:in `run'
    D:/Ruby/lib/ruby/1.9.1/webrick/server.rb:183:in `block in start_thread'


Processing Rails::InfoController#properties (for 127.0.0.1 at 2010-08-16 13:26:43) [GET]
  [4;36;1mSQL (15.6ms)[0m   [0;1m SELECT name
 FROM sqlite_master
 WHERE type = 'table' AND NOT name = 'sqlite_sequence'
[0m
Completed in 406ms (View: 62, DB: 16) | 200 OK [http://localhost/rails/info/properties]


Processing ApplicationController#index (for 127.0.0.1 at 2010-08-16 13:26:59) [GET]

ActionController::RoutingError (No route matches "/apps" with {:method=>:get}):
  <internal:prelude>:8:in `synchronize'
  D:/Ruby/lib/ruby/1.9.1/webrick/httpserver.rb:111:in `service'
  D:/Ruby/lib/ruby/1.9.1/webrick/httpserver.rb:70:in `run'
  D:/Ruby/lib/ruby/1.9.1/webrick/server.rb:183:in `block in start_thread'

Rendering rescues/layout (not_found)


Processing ApplicationController#index (for 127.0.0.1 at 2010-08-16 13:27:05) [GET]

ActionController::RoutingError (No route matches "/apps/first_app" with {:method=>:get}):
  <internal:prelude>:8:in `synchronize'
  D:/Ruby/lib/ruby/1.9.1/webrick/httpserver.rb:111:in `service'
  D:/Ruby/lib/ruby/1.9.1/webrick/httpserver.rb:70:in `run'
  D:/Ruby/lib/ruby/1.9.1/webrick/server.rb:183:in `block in start_thread'

Rendering rescues/layout (not_found)


Processing ApplicationController#index (for 127.0.0.1 at 2010-08-16 13:27:12) [GET]

ActionController::RoutingError (No route matches "/app/first_app" with {:method=>:get}):
  <internal:prelude>:8:in `synchronize'
  D:/Ruby/lib/ruby/1.9.1/webrick/httpserver.rb:111:in `service'
  D:/Ruby/lib/ruby/1.9.1/webrick/httpserver.rb:70:in `run'
  D:/Ruby/lib/ruby/1.9.1/webrick/server.rb:183:in `block in start_thread'

Rendering rescues/layout (not_found)


Processing Rails::InfoController#properties (for 127.0.0.1 at 2010-08-16 18:22:47) [GET]
  [4;35;1mSQL (0.0ms)[0m   [0m SELECT name
 FROM sqlite_master
 WHERE type = 'table' AND NOT name = 'sqlite_sequence'
[0m
Completed in 94ms (View: 16, DB: 0) | 200 OK [http://localhost/rails/info/properties]
